#
# A fatal error has been detected by the Java Runtime Environment:
#
#  EXCEPTION_ACCESS_VIOLATION (0xc0000005) at pc=0x00007ffaa6bd16b5, pid=17440, tid=23240
#
# JRE version: OpenJDK Runtime Environment (21.0.6) (build 21.0.6+-13368085-b895.109)
# Java VM: OpenJDK 64-Bit Server VM (21.0.6+-13368085-b895.109, mixed mode, tiered, compressed oops, compressed class ptrs, g1 gc, windows-amd64)
# Problematic frame:
# V  [jvm.dll+0x2216b5]
#
# No core dump will be written. Minidumps are not enabled by default on client versions of Windows
#
# If you would like to submit a bug report, please visit:
#   https://youtrack.jetbrains.com/issues/JBR
#

---------------  S U M M A R Y ------------

Command Line: --add-opens=java.base/java.lang=ALL-UNNAMED --add-opens=java.base/java.lang.invoke=ALL-UNNAMED --add-opens=java.base/java.util=ALL-UNNAMED --add-opens=java.prefs/java.util.prefs=ALL-UNNAMED --add-exports=jdk.compiler/com.sun.tools.javac.api=ALL-UNNAMED --add-exports=jdk.compiler/com.sun.tools.javac.util=ALL-UNNAMED --add-opens=java.base/java.util=ALL-UNNAMED --add-opens=java.prefs/java.util.prefs=ALL-UNNAMED --add-opens=java.base/java.nio.charset=ALL-UNNAMED --add-opens=java.base/java.net=ALL-UNNAMED --add-opens=java.base/java.util.concurrent.atomic=ALL-UNNAMED --add-opens=java.xml/javax.xml.namespace=ALL-UNNAMED -Xmx2048m -Dfile.encoding=UTF-8 -Duser.country=IN -Duser.language=en -Duser.variant -javaagent:C:\Users\ITZMS\.gradle\wrapper\dists\gradle-8.11.1-bin\bpt9gzteqjrbo1mjrsomdt32c\gradle-8.11.1\lib\agents\gradle-instrumentation-agent-8.11.1.jar org.gradle.launcher.daemon.bootstrap.GradleDaemon 8.11.1

Host: Intel(R) Core(TM) i7-10610U CPU @ 1.80GHz, 8 cores, 15G,  Windows 11 , 64 bit Build 22621 (10.0.22621.3958)
Time: Fri May 23 15:29:16 2025 India Standard Time elapsed time: 3.960184 seconds (0d 0h 0m 3s)

---------------  T H R E A D  ---------------

Current thread (0x000001c97448a990):  WorkerThread "G1 Conc#1"      [id=23240, stack(0x0000006dd9500000,0x0000006dd9600000) (1024K)]

Stack: [0x0000006dd9500000,0x0000006dd9600000],  sp=0x0000006dd95ff670,  free space=1021k
Native frames: (J=compiled Java code, j=interpreted, Vv=VM code, C=native code)
V  [jvm.dll+0x2216b5]
V  [jvm.dll+0x315594]
V  [jvm.dll+0x314de2]
V  [jvm.dll+0x334930]
V  [jvm.dll+0x331181]
V  [jvm.dll+0x332d0c]
V  [jvm.dll+0x331a53]
V  [jvm.dll+0x3353b6]
V  [jvm.dll+0x88c7e4]
V  [jvm.dll+0x806ed8]
V  [jvm.dll+0x6cef0d]
C  [ucrtbase.dll+0x29333]
C  [KERNEL32.DLL+0x1257d]
C  [ntdll.dll+0x5af08]


siginfo: EXCEPTION_ACCESS_VIOLATION (0xc0000005), ExceptionInformation=0x0000000000000003 0x0000000000000000


Registers:
RAX=0x000000000a010101, RBX=0x00000000000095a3, RCX=0x000001c96f07a450, RDX=0x0000006dd95ff810
RSP=0x0000006dd95ff670, RBP=0x0b0101010c070a01, RSI=0x0000006dd95ff810, RDI=0x000000010004ad58
R8 =0x0000000000000003, R9 =0x0000000000000000, R10=0x0000000000000001, R11=0x000000000a010101
R12=0x000000010004ad58, R13=0xaaaaaaaaaaaaaaab, R14=0x0000000000000001, R15=0x0000000081c00000
RIP=0x00007ffaa6bd16b5, EFLAGS=0x0000000000010202

XMM[0]=0x0000000000020000 0x0000000081c00000
XMM[1]=0x0000000000000000 0x0000000000000000
XMM[2]=0x0000000000000000 0x0000000000000000
XMM[3]=0x0000000000000000 0x0000000000000000
XMM[4]=0x0000000000000000 0x0000000000000000
XMM[5]=0x0000000000000000 0x0000000000000000
XMM[6]=0x0000000000000000 0x4022000000000000
XMM[7]=0x0000000000000000 0x408f400000000000
XMM[8]=0x0000000000000000 0x0000000000000000
XMM[9]=0x0000000000000000 0x0000000000000000
XMM[10]=0x0000000000000000 0x0000000000000000
XMM[11]=0x0000000000000000 0x0000000000000000
XMM[12]=0x0000000000000000 0x0000000000000000
XMM[13]=0x0000000000000000 0x0000000000000000
XMM[14]=0x0000000000000000 0x0000000000000000
XMM[15]=0x0000000000000000 0x0000000000000000
  MXCSR=0x00001fa0


Register to memory mapping:

RAX=0x000000000a010101 is an unknown value
RBX=0x00000000000095a3 is an unknown value
RCX=0x000001c96f07a450 is pointing into metadata
RDX=0x0000006dd95ff810 points into unknown readable memory: 0x00007ffaa731ad68 | 68 ad 31 a7 fa 7f 00 00
RSP=0x0000006dd95ff670 points into unknown readable memory: 0x00000000819f8a78 | 78 8a 9f 81 00 00 00 00
RBP=0x0b0101010c070a01 is an unknown value
RSI=0x0000006dd95ff810 points into unknown readable memory: 0x00007ffaa731ad68 | 68 ad 31 a7 fa 7f 00 00
RDI=0x000000010004ad58 is pointing into metadata
R8 =0x0000000000000003 is an unknown value
R9 =0x0 is null
R10=0x0000000000000001 is an unknown value
R11=0x000000000a010101 is an unknown value
R12=0x000000010004ad58 is pointing into metadata
R13=0xaaaaaaaaaaaaaaab is an unknown value
R14=0x0000000000000001 is an unknown value
R15=0x0000000081c00000 points into unknown readable memory: 0x0000000000000011 | 11 00 00 00 00 00 00 00

Top of Stack: (sp=0x0000006dd95ff670)
0x0000006dd95ff670:   00000000819f8a78 00007ffaa6cc785f
0x0000006dd95ff680:   000001c956aef4e0 0000006dd95ff810
0x0000006dd95ff690:   0000000081c00000 00007ffaa6cc5594
0x0000006dd95ff6a0:   0000006dd95ff810 00007ffaa6cc5a4d
0x0000006dd95ff6b0:   0000006dd95ff810 00007ffaa6cc4de2
0x0000006dd95ff6c0:   0000006dd95ff7d0 0000000000000001
0x0000006dd95ff6d0:   0000000000000000 00007ffaa6cc4de2
0x0000006dd95ff6e0:   0000000000000000 0000000000000000
0x0000006dd95ff6f0:   0000006dd95ff810 0000000081c00000
0x0000006dd95ff700:   000001c956aef4e0 00007ffaa6ce4930
0x0000006dd95ff710:   0000000081c00000 000001c956ad5eb0
0x0000006dd95ff720:   0000006dd95ff7d0 00007ffaa7078fcc
0x0000006dd95ff730:   0000000081c00000 00007ffaa6ce1181
0x0000006dd95ff740:   0000000000380000 0000006dd72ff9b0
0x0000006dd95ff750:   0000006dd95ff780 00007ffaa6ce27b4
0x0000006dd95ff760:   00000000003a0000 00007ffaa6ce2d0c
0x0000006dd95ff770:   00000000819f8b38 0000000000380000
0x0000006dd95ff780:   0000000000000000 0000000000000000
0x0000006dd95ff790:   0000000000000001 0000000000000001
0x0000006dd95ff7a0:   000001c956aef4e0 00007ffaa6ce1a53
0x0000006dd95ff7b0:   0000000000000555 0000000000000000
0x0000006dd95ff7c0:   0000006dd72ff901 0000000000000000
0x0000006dd95ff7d0:   000001c956ad5ea0 000001c956aef4e0
0x0000006dd95ff7e0:   0000000081c00000 0000000000020000
0x0000006dd95ff7f0:   0000000081c00000 0000000000020000
0x0000006dd95ff800:   00000000fffffffd 00007ffaa707f7e2
0x0000006dd95ff810:   00007ffaa731ad68 000001c96e176690
0x0000006dd95ff820:   0000000000000003 000001c956a8dec0
0x0000006dd95ff830:   000001c956aef4e0 00007ffaa70502b5
0x0000006dd95ff840:   c215b08488000000 0000000000000000
0x0000006dd95ff850:   0000000000000000 0000000000000000
0x0000006dd95ff860:   0000000000000001 000001c96e370c20 

Instructions: (pc=0x00007ffaa6bd16b5)
0x00007ffaa6bd15b5:   20 48 8b 41 48 48 8b e9 48 85 c0 0f 85 90 00 00
0x00007ffaa6bd15c5:   00 48 89 5c 24 30 48 8b 1d e6 9d 98 00 48 89 74
0x00007ffaa6bd15d5:   24 38 48 85 db 74 08 48 8b cb e8 5c e9 47 00 48
0x00007ffaa6bd15e5:   8b 75 48 48 85 f6 75 4f 45 33 c0 48 89 7c 24 40
0x00007ffaa6bd15f5:   b2 14 b9 70 03 00 00 e8 5f 90 e9 ff 48 85 c0 74
0x00007ffaa6bd1605:   0d 48 8b c8 e8 42 2f 47 00 48 8b f0 eb 02 33 f6
0x00007ffaa6bd1615:   48 8b 7d 18 48 85 ff 74 08 48 8b cf e8 9a e9 47
0x00007ffaa6bd1625:   00 48 89 75 48 48 85 ff 74 08 48 8b cf e8 29 eb
0x00007ffaa6bd1635:   47 00 48 8b 7c 24 40 48 85 db 74 08 48 8b cb e8
0x00007ffaa6bd1645:   17 eb 47 00 48 8b 5c 24 30 48 8b c6 48 8b 74 24
0x00007ffaa6bd1655:   38 48 83 c4 20 5d c3 cc cc cc cc 48 89 5c 24 08
0x00007ffaa6bd1665:   57 48 83 ec 20 48 8b d9 48 8b fa 48 8b 49 50 48
0x00007ffaa6bd1675:   85 c9 74 02 ff d7 48 8b 43 48 48 85 c0 74 0c 48
0x00007ffaa6bd1685:   8b 4b 48 48 8b d7 e8 20 37 47 00 48 8b 5c 24 30
0x00007ffaa6bd1695:   48 83 c4 20 5f c3 cc cc cc cc cc 48 89 6c 24 18
0x00007ffaa6bd16a5:   56 48 83 ec 20 48 8b 29 48 8b f2 48 85 ed 74 78
0x00007ffaa6bd16b5:   8b 85 00 01 00 00 48 89 5c 24 30 48 89 7c 24 38
0x00007ffaa6bd16c5:   85 c0 74 1d 48 8b dd 8b f8 66 90 48 8b 06 48 8b
0x00007ffaa6bd16d5:   d3 48 8b ce ff 50 08 48 83 c3 08 48 83 ef 01 75
0x00007ffaa6bd16e5:   ea 48 8b bd 08 01 00 00 48 85 ff 74 31 8b 87 00
0x00007ffaa6bd16f5:   01 00 00 85 c0 74 1b 48 8b df 8b e8 48 8b 06 48
0x00007ffaa6bd1705:   8b d3 48 8b ce ff 50 08 48 83 c3 08 48 83 ed 01
0x00007ffaa6bd1715:   75 ea 48 8b bf 08 01 00 00 48 85 ff 75 cf 48 8b
0x00007ffaa6bd1725:   5c 24 30 48 8b 7c 24 38 48 8b 6c 24 40 48 83 c4
0x00007ffaa6bd1735:   20 5e c3 cc cc cc cc cc cc cc cc 40 53 48 8b d9
0x00007ffaa6bd1745:   45 85 c0 74 37 44 8b 59 28 45 8b d3 45 23 d0 45
0x00007ffaa6bd1755:   3b d0 74 3b 0f 1f 80 00 00 00 00 41 8b cb 41 8b
0x00007ffaa6bd1765:   c3 41 0b c8 f0 0f b1 4b 28 74 11 44 8b 5b 28 41
0x00007ffaa6bd1775:   8b c3 41 23 c0 41 3b c0 75 e1 5b c3 45 84 c9 74
0x00007ffaa6bd1785:   04 c6 43 22 00 48 8d 4b 30 5b e9 0c ff ff ff 5b
0x00007ffaa6bd1795:   c3 cc cc cc cc cc cc cc cc cc cc 48 8b 41 40 48
0x00007ffaa6bd17a5:   85 c0 74 09 48 8b 49 40 e9 fe 35 47 00 c3 cc cc 


Stack slot to memory mapping:

stack at sp + 0 slots: 0x00000000819f8a78 is an oop: java.lang.management.MemoryType 
{0x00000000819f8a78} - klass: 'java/lang/management/MemoryType'
 - ---- fields (total size 4 words):
 - private final 'ordinal' 'I' @12  1 (0x00000001)
 - private 'hash' 'I' @16  0 (0x00000000)
 - private final 'name' 'Ljava/lang/String;' @20  "NON_HEAP"{0x00000000819f8a98} (0x819f8a98)
 - private final 'description' 'Ljava/lang/String;' @24  "Non-heap memory"{0x00000000819f8ac8} (0x819f8ac8)
stack at sp + 1 slots: 0x00007ffaa6cc785f jvm.dll
stack at sp + 2 slots: 0x000001c956aef4e0 points into unknown readable memory: 0x00007ffaa731ad48 | 48 ad 31 a7 fa 7f 00 00
stack at sp + 3 slots: 0x0000006dd95ff810 points into unknown readable memory: 0x00007ffaa731ad68 | 68 ad 31 a7 fa 7f 00 00
stack at sp + 4 slots: 0x0000000081c00000 points into unknown readable memory: 0x0000000000000011 | 11 00 00 00 00 00 00 00
stack at sp + 5 slots: 0x00007ffaa6cc5594 jvm.dll
stack at sp + 6 slots: 0x0000006dd95ff810 points into unknown readable memory: 0x00007ffaa731ad68 | 68 ad 31 a7 fa 7f 00 00
stack at sp + 7 slots: 0x00007ffaa6cc5a4d jvm.dll


---------------  P R O C E S S  ---------------

Threads class SMR info:
_java_thread_list=0x000001c977d4d060, length=34, elements={
0x000001c9546fd050, 0x000001c96e2893e0, 0x000001c96e28a5a0, 0x000001c96e296a00,
0x000001c96e2975b0, 0x000001c96e271ed0, 0x000001c96e272d30, 0x000001c96e273780,
0x000001c96e274870, 0x000001c96e404290, 0x000001c96e6d0d80, 0x000001c96e277150,
0x000001c96e277ef0, 0x000001c97436c420, 0x000001c97446fe70, 0x000001c9740ef000,
0x000001c9748b0760, 0x000001c9743f0050, 0x000001c9745ca180, 0x000001c9745cb400,
0x000001c9744c9ba0, 0x000001c974572510, 0x000001c97472c040, 0x000001c97472c6d0,
0x000001c97472ac90, 0x000001c97472a600, 0x000001c974729250, 0x000001c9747298e0,
0x000001c97472b320, 0x000001c974729f70, 0x000001c97472b9b0, 0x000001c977f039e0,
0x000001c977efd770, 0x000001c977efe490
}

Java Threads: ( => current thread )
  0x000001c9546fd050 JavaThread "main"                              [_thread_blocked, id=17032, stack(0x0000006dd7000000,0x0000006dd7100000) (1024K)]
  0x000001c96e2893e0 JavaThread "Reference Handler"          daemon [_thread_blocked, id=22740, stack(0x0000006dd7800000,0x0000006dd7900000) (1024K)]
  0x000001c96e28a5a0 JavaThread "Finalizer"                  daemon [_thread_blocked, id=19964, stack(0x0000006dd7900000,0x0000006dd7a00000) (1024K)]
  0x000001c96e296a00 JavaThread "Signal Dispatcher"          daemon [_thread_blocked, id=22708, stack(0x0000006dd7a00000,0x0000006dd7b00000) (1024K)]
  0x000001c96e2975b0 JavaThread "Attach Listener"            daemon [_thread_blocked, id=22672, stack(0x0000006dd7b00000,0x0000006dd7c00000) (1024K)]
  0x000001c96e271ed0 JavaThread "Service Thread"             daemon [_thread_blocked, id=18056, stack(0x0000006dd7c00000,0x0000006dd7d00000) (1024K)]
  0x000001c96e272d30 JavaThread "Monitor Deflation Thread"   daemon [_thread_blocked, id=8172, stack(0x0000006dd7d00000,0x0000006dd7e00000) (1024K)]
  0x000001c96e273780 JavaThread "C2 CompilerThread0"         daemon [_thread_blocked, id=19080, stack(0x0000006dd7e00000,0x0000006dd7f00000) (1024K)]
  0x000001c96e274870 JavaThread "C1 CompilerThread0"         daemon [_thread_blocked, id=23608, stack(0x0000006dd7f00000,0x0000006dd8000000) (1024K)]
  0x000001c96e404290 JavaThread "Common-Cleaner"             daemon [_thread_blocked, id=21376, stack(0x0000006dd8000000,0x0000006dd8100000) (1024K)]
  0x000001c96e6d0d80 JavaThread "Notification Thread"        daemon [_thread_blocked, id=15988, stack(0x0000006dd8100000,0x0000006dd8200000) (1024K)]
  0x000001c96e277150 JavaThread "C2 CompilerThread1"         daemon [_thread_blocked, id=19448, stack(0x0000006dd8200000,0x0000006dd8300000) (1024K)]
  0x000001c96e277ef0 JavaThread "C2 CompilerThread2"         daemon [_thread_blocked, id=23160, stack(0x0000006dd8300000,0x0000006dd8400000) (1024K)]
  0x000001c97436c420 JavaThread "Daemon health stats"               [_thread_blocked, id=23140, stack(0x0000006dd8a00000,0x0000006dd8b00000) (1024K)]
  0x000001c97446fe70 JavaThread "Incoming local TCP Connector on port 50059"        [_thread_in_native, id=22456, stack(0x0000006dd8b00000,0x0000006dd8c00000) (1024K)]
  0x000001c9740ef000 JavaThread "Daemon periodic checks"            [_thread_blocked, id=9044, stack(0x0000006dd8c00000,0x0000006dd8d00000) (1024K)]
  0x000001c9748b0760 JavaThread "Daemon"                            [_thread_blocked, id=18312, stack(0x0000006dd8d00000,0x0000006dd8e00000) (1024K)]
  0x000001c9743f0050 JavaThread "Handler for socket connection from /127.0.0.1:50059 to /127.0.0.1:50060"        [_thread_in_native, id=18384, stack(0x0000006dd8e00000,0x0000006dd8f00000) (1024K)]
  0x000001c9745ca180 JavaThread "Cancel handler"                    [_thread_blocked, id=4144, stack(0x0000006dd8f00000,0x0000006dd9000000) (1024K)]
  0x000001c9745cb400 JavaThread "Daemon worker"                     [_thread_blocked, id=3116, stack(0x0000006dd9000000,0x0000006dd9100000) (1024K)]
  0x000001c9744c9ba0 JavaThread "Asynchronous log dispatcher for DefaultDaemonConnection: socket connection from /127.0.0.1:50059 to /127.0.0.1:50060"        [_thread_blocked, id=16792, stack(0x0000006dd9100000,0x0000006dd9200000) (1024K)]
  0x000001c974572510 JavaThread "Stdin handler"                     [_thread_blocked, id=19792, stack(0x0000006dd9200000,0x0000006dd9300000) (1024K)]
  0x000001c97472c040 JavaThread "Daemon client event forwarder"        [_thread_blocked, id=5244, stack(0x0000006dd9300000,0x0000006dd9400000) (1024K)]
  0x000001c97472c6d0 JavaThread "Cache worker for journal cache (C:\Users\ITZMS\.gradle\caches\journal-1)"        [_thread_blocked, id=23264, stack(0x0000006dd9600000,0x0000006dd9700000) (1024K)]
  0x000001c97472ac90 JavaThread "File lock request listener"        [_thread_in_native, id=19000, stack(0x0000006dd9700000,0x0000006dd9800000) (1024K)]
  0x000001c97472a600 JavaThread "Cache worker for file hash cache (C:\Users\ITZMS\.gradle\caches\8.11.1\fileHashes)"        [_thread_blocked, id=19096, stack(0x0000006dd9800000,0x0000006dd9900000) (1024K)]
  0x000001c974729250 JavaThread "Cache worker for file content cache (C:\Users\ITZMS\.gradle\caches\8.11.1\fileContent)"        [_thread_blocked, id=296, stack(0x0000006dd9900000,0x0000006dd9a00000) (1024K)]
  0x000001c9747298e0 JavaThread "Cache worker for file hash cache (C:\Users\ITZMS\AndroidStudioProjects\ProjectOne\.gradle\8.11.1\fileHashes)"        [_thread_blocked, id=4828, stack(0x0000006dd9a00000,0x0000006dd9b00000) (1024K)]
  0x000001c97472b320 JavaThread "Cache worker for Build Output Cleanup Cache (C:\Users\ITZMS\AndroidStudioProjects\ProjectOne\.gradle\buildOutputCleanup)"        [_thread_blocked, id=20168, stack(0x0000006dd9b00000,0x0000006dd9c00000) (1024K)]
  0x000001c974729f70 JavaThread "File watcher server"        daemon [_thread_in_native, id=7380, stack(0x0000006dd9c00000,0x0000006dd9d00000) (1024K)]
  0x000001c97472b9b0 JavaThread "File watcher consumer"      daemon [_thread_blocked, id=18832, stack(0x0000006dd9d00000,0x0000006dd9e00000) (1024K)]
  0x000001c977f039e0 JavaThread "Cache worker for checksums cache (C:\Users\ITZMS\AndroidStudioProjects\ProjectOne\.gradle\8.11.1\checksums)"        [_thread_blocked, id=13252, stack(0x0000006dd9e00000,0x0000006dd9f00000) (1024K)]
  0x000001c977efd770 JavaThread "Cache worker for cache directory md-rule (C:\Users\ITZMS\.gradle\caches\8.11.1\md-rule)"        [_thread_blocked, id=8004, stack(0x0000006dd9f00000,0x0000006dda000000) (1024K)]
  0x000001c977efe490 JavaThread "Cache worker for cache directory md-supplier (C:\Users\ITZMS\.gradle\caches\8.11.1\md-supplier)"        [_thread_blocked, id=11588, stack(0x0000006dda000000,0x0000006dda100000) (1024K)]
Total: 34

Other Threads:
  0x000001c96e14b840 VMThread "VM Thread"                           [id=13264, stack(0x0000006dd7700000,0x0000006dd7800000) (1024K)]
  0x000001c96e1097d0 WatcherThread "VM Periodic Task Thread"        [id=21088, stack(0x0000006dd7600000,0x0000006dd7700000) (1024K)]
  0x000001c956ad58b0 WorkerThread "GC Thread#0"                     [id=23312, stack(0x0000006dd7100000,0x0000006dd7200000) (1024K)]
  0x000001c96eb8e3f0 WorkerThread "GC Thread#1"                     [id=17072, stack(0x0000006dd8400000,0x0000006dd8500000) (1024K)]
  0x000001c96ec2e120 WorkerThread "GC Thread#2"                     [id=23884, stack(0x0000006dd8500000,0x0000006dd8600000) (1024K)]
  0x000001c96ecaec90 WorkerThread "GC Thread#3"                     [id=23080, stack(0x0000006dd8600000,0x0000006dd8700000) (1024K)]
  0x000001c96ecaf440 WorkerThread "GC Thread#4"                     [id=15332, stack(0x0000006dd8700000,0x0000006dd8800000) (1024K)]
  0x000001c96ecb8260 WorkerThread "GC Thread#5"                     [id=6776, stack(0x0000006dd8800000,0x0000006dd8900000) (1024K)]
  0x000001c974127fc0 WorkerThread "GC Thread#6"                     [id=3644, stack(0x0000006dd8900000,0x0000006dd8a00000) (1024K)]
  0x000001c9744893d0 WorkerThread "GC Thread#7"                     [id=22352, stack(0x0000006dd9400000,0x0000006dd9500000) (1024K)]
  0x000001c956ae6900 ConcurrentGCThread "G1 Main Marker"            [id=16852, stack(0x0000006dd7200000,0x0000006dd7300000) (1024K)]
  0x000001c956ae7300 WorkerThread "G1 Conc#0"                       [id=11488, stack(0x0000006dd7300000,0x0000006dd7400000) (1024K)]
=>0x000001c97448a990 WorkerThread "G1 Conc#1"                       [id=23240, stack(0x0000006dd9500000,0x0000006dd9600000) (1024K)]
  0x000001c96e05e710 ConcurrentGCThread "G1 Refine#0"               [id=20872, stack(0x0000006dd7400000,0x0000006dd7500000) (1024K)]
  0x000001c96e05f180 ConcurrentGCThread "G1 Service"                [id=19296, stack(0x0000006dd7500000,0x0000006dd7600000) (1024K)]
Total: 15

Threads with active compile tasks:
C1 CompilerThread0  4011 4923       3       org.antlr.v4.runtime.BufferedTokenStream::sync (55 bytes)
Total: 1

VM state: not at safepoint (normal execution)

VM Mutex/Monitor currently owned by a thread:  ([mutex/lock_event])
[0x00007ffaa755e4a0] Heap_lock - owner thread: 0x000001c96e274870

Heap address: 0x0000000080000000, size: 2048 MB, Compressed Oops mode: 32-bit

CDS archive(s) not mapped
Compressed class space mapped at: 0x0000000100000000-0x0000000140000000, reserved size: 1073741824
Narrow klass base: 0x0000000000000000, Narrow klass shift: 3, Narrow klass range: 0x140000000

GC Precious Log:
 CardTable entry size: 512
 Card Set container configuration: InlinePtr #cards 5 size 8 Array Of Cards #cards 12 size 40 Howl #buckets 4 coarsen threshold 1843 Howl Bitmap #cards 512 size 80 coarsen threshold 460 Card regions per heap region 1 cards per card region 2048
 CPUs: 8 total, 8 available
 Memory: 16050M
 Large Page Support: Disabled
 NUMA Support: Disabled
 Compressed Oops: Enabled (32-bit)
 Heap Region Size: 1M
 Heap Min Capacity: 8M
 Heap Initial Capacity: 252M
 Heap Max Capacity: 2G
 Pre-touch: Disabled
 Parallel Workers: 8
 Concurrent Workers: 2
 Concurrent Refinement Workers: 8
 Periodic GC: Disabled

Heap:
 garbage-first heap   total 111616K, used 41091K [0x0000000080000000, 0x0000000100000000)
  region size 1024K, 9 young (9216K), 5 survivors (5120K)
 Metaspace       used 59584K, committed 61056K, reserved 1114112K
  class space    used 8068K, committed 8832K, reserved 1048576K

Heap Regions: E=young(eden), S=young(survivor), O=old, HS=humongous(starts), HC=humongous(continues), CS=collection set, F=free, TAMS=top-at-mark-start, PB=parsable bottom
|   0|0x0000000080000000, 0x0000000080100000, 0x0000000080100000|100%| O|  |TAMS 0x0000000080100000| PB 0x0000000080000000| Untracked 
|   1|0x0000000080100000, 0x0000000080200000, 0x0000000080200000|100%|HS|  |TAMS 0x0000000080200000| PB 0x0000000080100000| Complete 
|   2|0x0000000080200000, 0x0000000080300000, 0x0000000080300000|100%|HC|  |TAMS 0x0000000080300000| PB 0x0000000080200000| Complete 
|   3|0x0000000080300000, 0x0000000080400000, 0x0000000080400000|100%|HC|  |TAMS 0x0000000080400000| PB 0x0000000080300000| Complete 
|   4|0x0000000080400000, 0x0000000080500000, 0x0000000080500000|100%| O|  |TAMS 0x0000000080400000| PB 0x0000000080400000| Untracked 
|   5|0x0000000080500000, 0x0000000080600000, 0x0000000080600000|100%| O|  |TAMS 0x0000000080600000| PB 0x0000000080500000| Untracked 
|   6|0x0000000080600000, 0x0000000080700000, 0x0000000080700000|100%| O|  |TAMS 0x0000000080700000| PB 0x0000000080600000| Untracked 
|   7|0x0000000080700000, 0x0000000080800000, 0x0000000080800000|100%|HS|  |TAMS 0x0000000080800000| PB 0x0000000080700000| Complete 
|   8|0x0000000080800000, 0x0000000080900000, 0x0000000080900000|100%| O|  |TAMS 0x0000000080900000| PB 0x0000000080800000| Untracked 
|   9|0x0000000080900000, 0x0000000080a00000, 0x0000000080a00000|100%| O|  |TAMS 0x0000000080a00000| PB 0x0000000080900000| Untracked 
|  10|0x0000000080a00000, 0x0000000080b00000, 0x0000000080b00000|100%| O|  |TAMS 0x0000000080b00000| PB 0x0000000080a00000| Untracked 
|  11|0x0000000080b00000, 0x0000000080c00000, 0x0000000080c00000|100%| O|  |TAMS 0x0000000080c00000| PB 0x0000000080b00000| Untracked 
|  12|0x0000000080c00000, 0x0000000080d00000, 0x0000000080d00000|100%| O|  |TAMS 0x0000000080d00000| PB 0x0000000080c00000| Untracked 
|  13|0x0000000080d00000, 0x0000000080e00000, 0x0000000080e00000|100%| O|  |TAMS 0x0000000080e00000| PB 0x0000000080d00000| Untracked 
|  14|0x0000000080e00000, 0x0000000080f00000, 0x0000000080f00000|100%| O|  |TAMS 0x0000000080f00000| PB 0x0000000080e00000| Untracked 
|  15|0x0000000080f00000, 0x0000000081000000, 0x0000000081000000|100%| O|  |TAMS 0x0000000081000000| PB 0x0000000080f00000| Untracked 
|  16|0x0000000081000000, 0x0000000081100000, 0x0000000081100000|100%| O|  |TAMS 0x0000000081100000| PB 0x0000000081000000| Untracked 
|  17|0x0000000081100000, 0x0000000081200000, 0x0000000081200000|100%| O|  |TAMS 0x0000000081200000| PB 0x0000000081100000| Untracked 
|  18|0x0000000081200000, 0x0000000081300000, 0x0000000081300000|100%| O|  |TAMS 0x0000000081300000| PB 0x0000000081200000| Untracked 
|  19|0x0000000081300000, 0x0000000081400000, 0x0000000081400000|100%| O|  |TAMS 0x0000000081400000| PB 0x0000000081300000| Untracked 
|  20|0x0000000081400000, 0x0000000081500000, 0x0000000081500000|100%| O|  |TAMS 0x0000000081500000| PB 0x0000000081400000| Untracked 
|  21|0x0000000081500000, 0x0000000081600000, 0x0000000081600000|100%| O|  |TAMS 0x0000000081600000| PB 0x0000000081500000| Untracked 
|  22|0x0000000081600000, 0x0000000081700000, 0x0000000081700000|100%| O|  |TAMS 0x0000000081700000| PB 0x0000000081600000| Untracked 
|  23|0x0000000081700000, 0x0000000081800000, 0x0000000081800000|100%| O|  |TAMS 0x0000000081800000| PB 0x0000000081700000| Untracked 
|  24|0x0000000081800000, 0x0000000081900000, 0x0000000081900000|100%| O|  |TAMS 0x0000000081900000| PB 0x0000000081800000| Untracked 
|  25|0x0000000081900000, 0x0000000081a00000, 0x0000000081a00000|100%| O|  |TAMS 0x0000000081a00000| PB 0x0000000081900000| Untracked 
|  26|0x0000000081a00000, 0x0000000081b00000, 0x0000000081b00000|100%| O|  |TAMS 0x0000000081b00000| PB 0x0000000081a00000| Untracked 
|  27|0x0000000081b00000, 0x0000000081c00000, 0x0000000081c00000|100%| O|  |TAMS 0x0000000081b00000| PB 0x0000000081b00000| Untracked 
|  28|0x0000000081c00000, 0x0000000081d00000, 0x0000000081d00000|100%| O|  |TAMS 0x0000000081d00000| PB 0x0000000081c00000| Untracked 
|  29|0x0000000081d00000, 0x0000000081e00000, 0x0000000081e00000|100%| O|  |TAMS 0x0000000081e00000| PB 0x0000000081d00000| Untracked 
|  30|0x0000000081e00000, 0x0000000081f00000, 0x0000000081f00000|100%| O|  |TAMS 0x0000000081f00000| PB 0x0000000081e00000| Untracked 
|  31|0x0000000081f00000, 0x0000000082000000, 0x0000000082000000|100%| O|  |TAMS 0x0000000081f0d418| PB 0x0000000081f00000| Untracked 
|  32|0x0000000082000000, 0x0000000082020f70, 0x0000000082100000| 12%| O|  |TAMS 0x0000000082000000| PB 0x0000000082000000| Untracked 
|  33|0x0000000082100000, 0x0000000082100000, 0x0000000082200000|  0%| F|  |TAMS 0x0000000082100000| PB 0x0000000082100000| Untracked 
|  34|0x0000000082200000, 0x0000000082200000, 0x0000000082300000|  0%| F|  |TAMS 0x0000000082200000| PB 0x0000000082200000| Untracked 
|  35|0x0000000082300000, 0x0000000082300000, 0x0000000082400000|  0%| F|  |TAMS 0x0000000082300000| PB 0x0000000082300000| Untracked 
|  36|0x0000000082400000, 0x0000000082400000, 0x0000000082500000|  0%| F|  |TAMS 0x0000000082400000| PB 0x0000000082400000| Untracked 
|  37|0x0000000082500000, 0x0000000082500000, 0x0000000082600000|  0%| F|  |TAMS 0x0000000082500000| PB 0x0000000082500000| Untracked 
|  38|0x0000000082600000, 0x0000000082600000, 0x0000000082700000|  0%| F|  |TAMS 0x0000000082600000| PB 0x0000000082600000| Untracked 
|  39|0x0000000082700000, 0x0000000082700000, 0x0000000082800000|  0%| F|  |TAMS 0x0000000082700000| PB 0x0000000082700000| Untracked 
|  40|0x0000000082800000, 0x0000000082800000, 0x0000000082900000|  0%| F|  |TAMS 0x0000000082800000| PB 0x0000000082800000| Untracked 
|  41|0x0000000082900000, 0x0000000082900000, 0x0000000082a00000|  0%| F|  |TAMS 0x0000000082900000| PB 0x0000000082900000| Untracked 
|  42|0x0000000082a00000, 0x0000000082a00000, 0x0000000082b00000|  0%| F|  |TAMS 0x0000000082a00000| PB 0x0000000082a00000| Untracked 
|  43|0x0000000082b00000, 0x0000000082b00000, 0x0000000082c00000|  0%| F|  |TAMS 0x0000000082b00000| PB 0x0000000082b00000| Untracked 
|  44|0x0000000082c00000, 0x0000000082c00000, 0x0000000082d00000|  0%| F|  |TAMS 0x0000000082c00000| PB 0x0000000082c00000| Untracked 
|  45|0x0000000082d00000, 0x0000000082d00000, 0x0000000082e00000|  0%| F|  |TAMS 0x0000000082d00000| PB 0x0000000082d00000| Untracked 
|  46|0x0000000082e00000, 0x0000000082e00000, 0x0000000082f00000|  0%| F|  |TAMS 0x0000000082e00000| PB 0x0000000082e00000| Untracked 
|  47|0x0000000082f00000, 0x0000000082f00000, 0x0000000083000000|  0%| F|  |TAMS 0x0000000082f00000| PB 0x0000000082f00000| Untracked 
|  48|0x0000000083000000, 0x0000000083000000, 0x0000000083100000|  0%| F|  |TAMS 0x0000000083000000| PB 0x0000000083000000| Untracked 
|  49|0x0000000083100000, 0x0000000083100000, 0x0000000083200000|  0%| F|  |TAMS 0x0000000083100000| PB 0x0000000083100000| Untracked 
|  50|0x0000000083200000, 0x0000000083200000, 0x0000000083300000|  0%| F|  |TAMS 0x0000000083200000| PB 0x0000000083200000| Untracked 
|  51|0x0000000083300000, 0x0000000083300000, 0x0000000083400000|  0%| F|  |TAMS 0x0000000083300000| PB 0x0000000083300000| Untracked 
|  52|0x0000000083400000, 0x0000000083400000, 0x0000000083500000|  0%| F|  |TAMS 0x0000000083400000| PB 0x0000000083400000| Untracked 
|  53|0x0000000083500000, 0x0000000083500000, 0x0000000083600000|  0%| F|  |TAMS 0x0000000083500000| PB 0x0000000083500000| Untracked 
|  54|0x0000000083600000, 0x0000000083600000, 0x0000000083700000|  0%| F|  |TAMS 0x0000000083600000| PB 0x0000000083600000| Untracked 
|  55|0x0000000083700000, 0x0000000083700000, 0x0000000083800000|  0%| F|  |TAMS 0x0000000083700000| PB 0x0000000083700000| Untracked 
|  56|0x0000000083800000, 0x0000000083800000, 0x0000000083900000|  0%| F|  |TAMS 0x0000000083800000| PB 0x0000000083800000| Untracked 
|  57|0x0000000083900000, 0x0000000083900000, 0x0000000083a00000|  0%| F|  |TAMS 0x0000000083900000| PB 0x0000000083900000| Untracked 
|  58|0x0000000083a00000, 0x0000000083a00000, 0x0000000083b00000|  0%| F|  |TAMS 0x0000000083a00000| PB 0x0000000083a00000| Untracked 
|  59|0x0000000083b00000, 0x0000000083b00000, 0x0000000083c00000|  0%| F|  |TAMS 0x0000000083b00000| PB 0x0000000083b00000| Untracked 
|  60|0x0000000083c00000, 0x0000000083c00000, 0x0000000083d00000|  0%| F|  |TAMS 0x0000000083c00000| PB 0x0000000083c00000| Untracked 
|  61|0x0000000083d00000, 0x0000000083d00000, 0x0000000083e00000|  0%| F|  |TAMS 0x0000000083d00000| PB 0x0000000083d00000| Untracked 
|  62|0x0000000083e00000, 0x0000000083e00000, 0x0000000083f00000|  0%| F|  |TAMS 0x0000000083e00000| PB 0x0000000083e00000| Untracked 
|  63|0x0000000083f00000, 0x0000000083f00000, 0x0000000084000000|  0%| F|  |TAMS 0x0000000083f00000| PB 0x0000000083f00000| Untracked 
|  64|0x0000000084000000, 0x0000000084000000, 0x0000000084100000|  0%| F|  |TAMS 0x0000000084000000| PB 0x0000000084000000| Untracked 
|  65|0x0000000084100000, 0x0000000084100000, 0x0000000084200000|  0%| F|  |TAMS 0x0000000084100000| PB 0x0000000084100000| Untracked 
|  66|0x0000000084200000, 0x0000000084200000, 0x0000000084300000|  0%| F|  |TAMS 0x0000000084200000| PB 0x0000000084200000| Untracked 
|  67|0x0000000084300000, 0x0000000084300000, 0x0000000084400000|  0%| F|  |TAMS 0x0000000084300000| PB 0x0000000084300000| Untracked 
|  68|0x0000000084400000, 0x0000000084400000, 0x0000000084500000|  0%| F|  |TAMS 0x0000000084400000| PB 0x0000000084400000| Untracked 
|  69|0x0000000084500000, 0x0000000084500000, 0x0000000084600000|  0%| F|  |TAMS 0x0000000084500000| PB 0x0000000084500000| Untracked 
|  70|0x0000000084600000, 0x0000000084600000, 0x0000000084700000|  0%| F|  |TAMS 0x0000000084600000| PB 0x0000000084600000| Untracked 
|  71|0x0000000084700000, 0x0000000084700000, 0x0000000084800000|  0%| F|  |TAMS 0x0000000084700000| PB 0x0000000084700000| Untracked 
|  72|0x0000000084800000, 0x0000000084800000, 0x0000000084900000|  0%| F|  |TAMS 0x0000000084800000| PB 0x0000000084800000| Untracked 
|  73|0x0000000084900000, 0x0000000084900000, 0x0000000084a00000|  0%| F|  |TAMS 0x0000000084900000| PB 0x0000000084900000| Untracked 
|  74|0x0000000084a00000, 0x0000000084a00000, 0x0000000084b00000|  0%| F|  |TAMS 0x0000000084a00000| PB 0x0000000084a00000| Untracked 
|  75|0x0000000084b00000, 0x0000000084c00000, 0x0000000084c00000|100%| S|CS|TAMS 0x0000000084b00000| PB 0x0000000084b00000| Complete 
|  76|0x0000000084c00000, 0x0000000084d00000, 0x0000000084d00000|100%| S|CS|TAMS 0x0000000084c00000| PB 0x0000000084c00000| Complete 
|  77|0x0000000084d00000, 0x0000000084e00000, 0x0000000084e00000|100%| S|CS|TAMS 0x0000000084d00000| PB 0x0000000084d00000| Complete 
|  78|0x0000000084e00000, 0x0000000084f00000, 0x0000000084f00000|100%| S|CS|TAMS 0x0000000084e00000| PB 0x0000000084e00000| Complete 
|  79|0x0000000084f00000, 0x0000000085000000, 0x0000000085000000|100%| S|CS|TAMS 0x0000000084f00000| PB 0x0000000084f00000| Complete 
|  80|0x0000000085000000, 0x0000000085000000, 0x0000000085100000|  0%| F|  |TAMS 0x0000000085000000| PB 0x0000000085000000| Untracked 
|  81|0x0000000085100000, 0x0000000085100000, 0x0000000085200000|  0%| F|  |TAMS 0x0000000085100000| PB 0x0000000085100000| Untracked 
|  82|0x0000000085200000, 0x0000000085200000, 0x0000000085300000|  0%| F|  |TAMS 0x0000000085200000| PB 0x0000000085200000| Untracked 
|  83|0x0000000085300000, 0x0000000085300000, 0x0000000085400000|  0%| F|  |TAMS 0x0000000085300000| PB 0x0000000085300000| Untracked 
|  84|0x0000000085400000, 0x0000000085400000, 0x0000000085500000|  0%| F|  |TAMS 0x0000000085400000| PB 0x0000000085400000| Untracked 
|  85|0x0000000085500000, 0x0000000085500000, 0x0000000085600000|  0%| F|  |TAMS 0x0000000085500000| PB 0x0000000085500000| Untracked 
|  86|0x0000000085600000, 0x0000000085600000, 0x0000000085700000|  0%| F|  |TAMS 0x0000000085600000| PB 0x0000000085600000| Untracked 
|  87|0x0000000085700000, 0x0000000085700000, 0x0000000085800000|  0%| F|  |TAMS 0x0000000085700000| PB 0x0000000085700000| Untracked 
|  88|0x0000000085800000, 0x0000000085800000, 0x0000000085900000|  0%| F|  |TAMS 0x0000000085800000| PB 0x0000000085800000| Untracked 
|  89|0x0000000085900000, 0x0000000085900000, 0x0000000085a00000|  0%| F|  |TAMS 0x0000000085900000| PB 0x0000000085900000| Untracked 
|  90|0x0000000085a00000, 0x0000000085a00000, 0x0000000085b00000|  0%| F|  |TAMS 0x0000000085a00000| PB 0x0000000085a00000| Untracked 
|  91|0x0000000085b00000, 0x0000000085b00000, 0x0000000085c00000|  0%| F|  |TAMS 0x0000000085b00000| PB 0x0000000085b00000| Untracked 
|  92|0x0000000085c00000, 0x0000000085c00000, 0x0000000085d00000|  0%| F|  |TAMS 0x0000000085c00000| PB 0x0000000085c00000| Untracked 
|  93|0x0000000085d00000, 0x0000000085d00000, 0x0000000085e00000|  0%| F|  |TAMS 0x0000000085d00000| PB 0x0000000085d00000| Untracked 
|  94|0x0000000085e00000, 0x0000000085e00000, 0x0000000085f00000|  0%| F|  |TAMS 0x0000000085e00000| PB 0x0000000085e00000| Untracked 
|  95|0x0000000085f00000, 0x0000000085f00000, 0x0000000086000000|  0%| F|  |TAMS 0x0000000085f00000| PB 0x0000000085f00000| Untracked 
|  96|0x0000000086000000, 0x0000000086000000, 0x0000000086100000|  0%| F|  |TAMS 0x0000000086000000| PB 0x0000000086000000| Untracked 
|  97|0x0000000086100000, 0x0000000086100000, 0x0000000086200000|  0%| F|  |TAMS 0x0000000086100000| PB 0x0000000086100000| Untracked 
|  98|0x0000000086200000, 0x0000000086200000, 0x0000000086300000|  0%| F|  |TAMS 0x0000000086200000| PB 0x0000000086200000| Untracked 
| 218|0x000000008da00000, 0x000000008da00000, 0x000000008db00000|  0%| F|  |TAMS 0x000000008da00000| PB 0x000000008da00000| Untracked 
| 219|0x000000008db00000, 0x000000008db00000, 0x000000008dc00000|  0%| F|  |TAMS 0x000000008db00000| PB 0x000000008db00000| Untracked 
| 220|0x000000008dc00000, 0x000000008dc00000, 0x000000008dd00000|  0%| F|  |TAMS 0x000000008dc00000| PB 0x000000008dc00000| Untracked 
| 221|0x000000008dd00000, 0x000000008dd00000, 0x000000008de00000|  0%| F|  |TAMS 0x000000008dd00000| PB 0x000000008dd00000| Untracked 
| 222|0x000000008de00000, 0x000000008de00000, 0x000000008df00000|  0%| F|  |TAMS 0x000000008de00000| PB 0x000000008de00000| Untracked 
| 223|0x000000008df00000, 0x000000008df00000, 0x000000008e000000|  0%| F|  |TAMS 0x000000008df00000| PB 0x000000008df00000| Untracked 
| 224|0x000000008e000000, 0x000000008e029b18, 0x000000008e100000| 16%| E|  |TAMS 0x000000008e000000| PB 0x000000008e000000| Complete 
| 225|0x000000008e100000, 0x000000008e200000, 0x000000008e200000|100%| E|CS|TAMS 0x000000008e100000| PB 0x000000008e100000| Complete 
| 226|0x000000008e200000, 0x000000008e300000, 0x000000008e300000|100%| E|CS|TAMS 0x000000008e200000| PB 0x000000008e200000| Complete 
| 251|0x000000008fb00000, 0x000000008fc00000, 0x000000008fc00000|100%| E|CS|TAMS 0x000000008fb00000| PB 0x000000008fb00000| Complete 

Card table byte_map: [0x000001c9692f0000,0x000001c9696f0000] _byte_map_base: 0x000001c968ef0000

Marking Bits: (CMBitMap*) 0x000001c956ad5eb0
 Bits: [0x000001c9696f0000, 0x000001c96b6f0000)

Polling page: 0x000001c954910000

Metaspace:

Usage:
  Non-class:     50.31 MB used.
      Class:      7.88 MB used.
       Both:     58.19 MB used.

Virtual space:
  Non-class space:       64.00 MB reserved,      51.00 MB ( 80%) committed,  1 nodes.
      Class space:        1.00 GB reserved,       8.62 MB ( <1%) committed,  1 nodes.
             Both:        1.06 GB reserved,      59.62 MB (  5%) committed. 

Chunk freelists:
   Non-Class:  12.94 MB
       Class:  7.23 MB
        Both:  20.17 MB

MaxMetaspaceSize: unlimited
CompressedClassSpaceSize: 1.00 GB
Initial GC threshold: 21.00 MB
Current GC threshold: 59.62 MB
CDS: off
 - commit_granule_bytes: 65536.
 - commit_granule_words: 8192.
 - virtual_space_node_default_size: 8388608.
 - enlarge_chunks_in_place: 1.
 - use_allocation_guard: 0.


Internal statistics:

num_allocs_failed_limit: 16.
num_arena_births: 2770.
num_arena_deaths: 0.
num_vsnodes_births: 2.
num_vsnodes_deaths: 0.
num_space_committed: 954.
num_space_uncommitted: 0.
num_chunks_returned_to_freelist: 16.
num_chunks_taken_from_freelist: 5106.
num_chunk_merges: 16.
num_chunk_splits: 3342.
num_chunks_enlarged: 2106.
num_inconsistent_stats: 0.

CodeHeap 'non-profiled nmethods': size=120000Kb used=3075Kb max_used=3075Kb free=116924Kb
 bounds [0x000001c961690000, 0x000001c9619a0000, 0x000001c968bc0000]
CodeHeap 'profiled nmethods': size=120000Kb used=8609Kb max_used=8609Kb free=111390Kb
 bounds [0x000001c959bc0000, 0x000001c95a430000, 0x000001c9610f0000]
CodeHeap 'non-nmethods': size=5760Kb used=1959Kb max_used=2036Kb free=3800Kb
 bounds [0x000001c9610f0000, 0x000001c961360000, 0x000001c961690000]
 total_blobs=5265 nmethods=4527 adapters=642
 compilation: enabled
              stopped_count=0, restarted_count=0
 full_count=0

Compilation events (20 events):
Event: 3.908 Thread 0x000001c96e274870 4884       3       org.antlr.v4.runtime.atn.ATNDeserializer::checkCondition (14 bytes)
Event: 3.908 Thread 0x000001c96e274870 nmethod 4884 0x000001c95a41d190 code [0x000001c95a41d340, 0x000001c95a41d550]
Event: 3.909 Thread 0x000001c96e274870 4882       1       org.antlr.v4.runtime.atn.ATNState::onlyHasEpsilonTransitions (5 bytes)
Event: 3.909 Thread 0x000001c96e274870 nmethod 4882 0x000001c961980810 code [0x000001c9619809a0, 0x000001c961980a70]
Event: 3.909 Thread 0x000001c96e274870 4880       3       org.antlr.v4.runtime.atn.ATNState::transition (14 bytes)
Event: 3.909 Thread 0x000001c96e274870 nmethod 4880 0x000001c95a41d690 code [0x000001c95a41d840, 0x000001c95a41daf0]
Event: 3.909 Thread 0x000001c96e274870 4873       1       org.antlr.v4.runtime.atn.EpsilonTransition::isEpsilon (2 bytes)
Event: 3.909 Thread 0x000001c96e274870 nmethod 4873 0x000001c961980b10 code [0x000001c961980ca0, 0x000001c961980d68]
Event: 3.909 Thread 0x000001c96e274870 4881       3       org.antlr.v4.runtime.atn.EpsilonTransition::<init> (11 bytes)
Event: 3.909 Thread 0x000001c96e274870 nmethod 4881 0x000001c95a41dc10 code [0x000001c95a41dde0, 0x000001c95a41e108]
Event: 3.909 Thread 0x000001c96e274870 4879       3       org.antlr.v4.runtime.atn.ATNState::getNumberOfTransitions (10 bytes)
Event: 3.909 Thread 0x000001c96e274870 nmethod 4879 0x000001c95a41e290 code [0x000001c95a41e440, 0x000001c95a41e610]
Event: 3.921 Thread 0x000001c96e277150 4885       4       java.lang.ReflectiveOperationException::<init> (7 bytes)
Event: 3.923 Thread 0x000001c96e273780 4886       4       java.security.SecureClassLoader::defineClass (16 bytes)
Event: 3.925 Thread 0x000001c96e277150 nmethod 4885 0x000001c961980e10 code [0x000001c961980fe0, 0x000001c961981820]
Event: 3.934 Thread 0x000001c96e277ef0 nmethod 4862 0x000001c961981990 code [0x000001c961981c60, 0x000001c961983c30]
Event: 3.935 Thread 0x000001c96e274870 4887       1       org.antlr.v4.runtime.atn.Transition::isEpsilon (2 bytes)
Event: 3.935 Thread 0x000001c96e274870 nmethod 4887 0x000001c961984f10 code [0x000001c9619850a0, 0x000001c961985168]
Event: 3.935 Thread 0x000001c96e274870 4888       1       org.antlr.v4.runtime.atn.RuleTransition::isEpsilon (2 bytes)
Event: 3.935 Thread 0x000001c96e274870 nmethod 4888 0x000001c961985210 code [0x000001c9619853a0, 0x000001c961985468]

GC Heap History (20 events):
Event: 0.670 GC heap before
{Heap before GC invocations=1 (full 0):
 garbage-first heap   total 258048K, used 40238K [0x0000000080000000, 0x0000000100000000)
  region size 1024K, 37 young (37888K), 3 survivors (3072K)
 Metaspace       used 12164K, committed 12352K, reserved 1114112K
  class space    used 1279K, committed 1408K, reserved 1048576K
}
Event: 0.673 GC heap after
{Heap after GC invocations=2 (full 0):
 garbage-first heap   total 258048K, used 11036K [0x0000000080000000, 0x0000000100000000)
  region size 1024K, 5 young (5120K), 5 survivors (5120K)
 Metaspace       used 12164K, committed 12352K, reserved 1114112K
  class space    used 1279K, committed 1408K, reserved 1048576K
}
Event: 1.046 GC heap before
{Heap before GC invocations=2 (full 0):
 garbage-first heap   total 258048K, used 60188K [0x0000000080000000, 0x0000000100000000)
  region size 1024K, 52 young (53248K), 5 survivors (5120K)
 Metaspace       used 14252K, committed 14528K, reserved 1114112K
  class space    used 1561K, committed 1664K, reserved 1048576K
}
Event: 1.053 GC heap after
{Heap after GC invocations=3 (full 0):
 garbage-first heap   total 258048K, used 17705K [0x0000000080000000, 0x0000000100000000)
  region size 1024K, 6 young (6144K), 6 survivors (6144K)
 Metaspace       used 14252K, committed 14528K, reserved 1114112K
  class space    used 1561K, committed 1664K, reserved 1048576K
}
Event: 1.397 GC heap before
{Heap before GC invocations=3 (full 0):
 garbage-first heap   total 258048K, used 42281K [0x0000000080000000, 0x0000000100000000)
  region size 1024K, 31 young (31744K), 6 survivors (6144K)
 Metaspace       used 21166K, committed 21504K, reserved 1114112K
  class space    used 2441K, committed 2624K, reserved 1048576K
}
Event: 1.400 GC heap after
{Heap after GC invocations=4 (full 0):
 garbage-first heap   total 258048K, used 20737K [0x0000000080000000, 0x0000000100000000)
  region size 1024K, 9 young (9216K), 9 survivors (9216K)
 Metaspace       used 21166K, committed 21504K, reserved 1114112K
  class space    used 2441K, committed 2624K, reserved 1048576K
}
Event: 1.966 GC heap before
{Heap before GC invocations=5 (full 0):
 garbage-first heap   total 75776K, used 72961K [0x0000000080000000, 0x0000000100000000)
  region size 1024K, 61 young (62464K), 9 survivors (9216K)
 Metaspace       used 29559K, committed 30208K, reserved 1114112K
  class space    used 3793K, committed 4096K, reserved 1048576K
}
Event: 1.975 GC heap after
{Heap after GC invocations=6 (full 0):
 garbage-first heap   total 88064K, used 23998K [0x0000000080000000, 0x0000000100000000)
  region size 1024K, 12 young (12288K), 12 survivors (12288K)
 Metaspace       used 29559K, committed 30208K, reserved 1114112K
  class space    used 3793K, committed 4096K, reserved 1048576K
}
Event: 2.362 GC heap before
{Heap before GC invocations=6 (full 0):
 garbage-first heap   total 88064K, used 62910K [0x0000000080000000, 0x0000000100000000)
  region size 1024K, 51 young (52224K), 12 survivors (12288K)
 Metaspace       used 34975K, committed 35840K, reserved 1114112K
  class space    used 4676K, committed 5120K, reserved 1048576K
}
Event: 2.367 GC heap after
{Heap after GC invocations=7 (full 0):
 garbage-first heap   total 88064K, used 26446K [0x0000000080000000, 0x0000000100000000)
  region size 1024K, 6 young (6144K), 6 survivors (6144K)
 Metaspace       used 34975K, committed 35840K, reserved 1114112K
  class space    used 4676K, committed 5120K, reserved 1048576K
}
Event: 2.386 GC heap before
{Heap before GC invocations=7 (full 0):
 garbage-first heap   total 88064K, used 28494K [0x0000000080000000, 0x0000000100000000)
  region size 1024K, 9 young (9216K), 6 survivors (6144K)
 Metaspace       used 35235K, committed 36096K, reserved 1114112K
  class space    used 4727K, committed 5184K, reserved 1048576K
}
Event: 2.389 GC heap after
{Heap after GC invocations=8 (full 0):
 garbage-first heap   total 88064K, used 26720K [0x0000000080000000, 0x0000000100000000)
  region size 1024K, 3 young (3072K), 3 survivors (3072K)
 Metaspace       used 35235K, committed 36096K, reserved 1114112K
  class space    used 4727K, committed 5184K, reserved 1048576K
}
Event: 2.799 GC heap before
{Heap before GC invocations=9 (full 0):
 garbage-first heap   total 88064K, used 71776K [0x0000000080000000, 0x0000000100000000)
  region size 1024K, 48 young (49152K), 3 survivors (3072K)
 Metaspace       used 42455K, committed 43712K, reserved 1114112K
  class space    used 5744K, committed 6336K, reserved 1048576K
}
Event: 2.803 GC heap after
{Heap after GC invocations=10 (full 0):
 garbage-first heap   total 111616K, used 29871K [0x0000000080000000, 0x0000000100000000)
  region size 1024K, 6 young (6144K), 6 survivors (6144K)
 Metaspace       used 42455K, committed 43712K, reserved 1114112K
  class space    used 5744K, committed 6336K, reserved 1048576K
}
Event: 3.112 GC heap before
{Heap before GC invocations=10 (full 0):
 garbage-first heap   total 111616K, used 89263K [0x0000000080000000, 0x0000000100000000)
  region size 1024K, 65 young (66560K), 6 survivors (6144K)
 Metaspace       used 46685K, committed 48000K, reserved 1114112K
  class space    used 6237K, committed 6912K, reserved 1048576K
}
Event: 3.118 GC heap after
{Heap after GC invocations=11 (full 0):
 garbage-first heap   total 111616K, used 33555K [0x0000000080000000, 0x0000000100000000)
  region size 1024K, 8 young (8192K), 8 survivors (8192K)
 Metaspace       used 46685K, committed 48000K, reserved 1114112K
  class space    used 6237K, committed 6912K, reserved 1048576K
}
Event: 3.662 GC heap before
{Heap before GC invocations=11 (full 0):
 garbage-first heap   total 111616K, used 93971K [0x0000000080000000, 0x0000000100000000)
  region size 1024K, 65 young (66560K), 8 survivors (8192K)
 Metaspace       used 54847K, committed 56320K, reserved 1114112K
  class space    used 7386K, committed 8128K, reserved 1048576K
}
Event: 3.667 GC heap after
{Heap after GC invocations=12 (full 0):
 garbage-first heap   total 111616K, used 36917K [0x0000000080000000, 0x0000000100000000)
  region size 1024K, 7 young (7168K), 7 survivors (7168K)
 Metaspace       used 54847K, committed 56320K, reserved 1114112K
  class space    used 7386K, committed 8128K, reserved 1048576K
}
Event: 3.911 GC heap before
{Heap before GC invocations=12 (full 0):
 garbage-first heap   total 111616K, used 65589K [0x0000000080000000, 0x0000000100000000)
  region size 1024K, 36 young (36864K), 7 survivors (7168K)
 Metaspace       used 58969K, committed 60416K, reserved 1114112K
  class space    used 7965K, committed 8704K, reserved 1048576K
}
Event: 3.915 GC heap after
{Heap after GC invocations=13 (full 0):
 garbage-first heap   total 111616K, used 38019K [0x0000000080000000, 0x0000000100000000)
  region size 1024K, 5 young (5120K), 5 survivors (5120K)
 Metaspace       used 58969K, committed 60416K, reserved 1114112K
  class space    used 7965K, committed 8704K, reserved 1048576K
}

Dll operation events (3 events):
Event: 0.006 Loaded shared library C:\Program Files\Android\Android Studio\jbr\bin\java.dll
Event: 0.010 Loaded shared library C:\Program Files\Android\Android Studio\jbr\bin\zip.dll
Event: 0.343 Loaded shared library C:\Program Files\Android\Android Studio\jbr\bin\verify.dll

Deoptimization events (20 events):
Event: 3.796 Thread 0x000001c9745cb400 Uncommon trap: trap_request=0xffffff45 fr.pc=0x000001c9616c5e84 relative=0x0000000000000064
Event: 3.796 Thread 0x000001c9745cb400 Uncommon trap: reason=unstable_if action=reinterpret pc=0x000001c9616c5e84 method=java.net.URI.match(CJJ)Z @ 19 c2
Event: 3.796 Thread 0x000001c9745cb400 DEOPT PACKING pc=0x000001c9616c5e84 sp=0x0000006dd90f9f10
Event: 3.796 Thread 0x000001c9745cb400 DEOPT UNPACKING pc=0x000001c9611446a2 sp=0x0000006dd90f9ea0 mode 2
Event: 3.876 Thread 0x000001c9745cb400 Uncommon trap: trap_request=0xffffffde fr.pc=0x000001c9617e661c relative=0x00000000000002dc
Event: 3.876 Thread 0x000001c9745cb400 Uncommon trap: reason=class_check action=maybe_recompile pc=0x000001c9617e661c method=java.util.Collections$SetFromMap.remove(Ljava/lang/Object;)Z @ 5 c2
Event: 3.876 Thread 0x000001c9745cb400 DEOPT PACKING pc=0x000001c9617e661c sp=0x0000006dd90fa820
Event: 3.876 Thread 0x000001c9745cb400 DEOPT UNPACKING pc=0x000001c9611446a2 sp=0x0000006dd90fa808 mode 2
Event: 3.888 Thread 0x000001c9745cb400 Uncommon trap: trap_request=0xffffffde fr.pc=0x000001c9617e661c relative=0x00000000000002dc
Event: 3.888 Thread 0x000001c9745cb400 Uncommon trap: reason=class_check action=maybe_recompile pc=0x000001c9617e661c method=java.util.Collections$SetFromMap.remove(Ljava/lang/Object;)Z @ 5 c2
Event: 3.888 Thread 0x000001c9745cb400 DEOPT PACKING pc=0x000001c9617e661c sp=0x0000006dd90faa10
Event: 3.888 Thread 0x000001c9745cb400 DEOPT UNPACKING pc=0x000001c9611446a2 sp=0x0000006dd90fa9f8 mode 2
Event: 3.888 Thread 0x000001c9745cb400 Uncommon trap: trap_request=0xffffffc6 fr.pc=0x000001c9618836f0 relative=0x0000000000000290
Event: 3.888 Thread 0x000001c9745cb400 Uncommon trap: reason=bimorphic_or_optimized_type_check action=maybe_recompile pc=0x000001c9618836f0 method=java.util.Spliterators$IteratorSpliterator.tryAdvance(Ljava/util/function/Consumer;)Z @ 50 c2
Event: 3.888 Thread 0x000001c9745cb400 DEOPT PACKING pc=0x000001c9618836f0 sp=0x0000006dd90fb5d0
Event: 3.888 Thread 0x000001c9745cb400 DEOPT UNPACKING pc=0x000001c9611446a2 sp=0x0000006dd90fb570 mode 2
Event: 3.893 Thread 0x000001c9745cb400 Uncommon trap: trap_request=0xffffff45 fr.pc=0x000001c9618ee370 relative=0x0000000000001370
Event: 3.893 Thread 0x000001c9745cb400 Uncommon trap: reason=unstable_if action=reinterpret pc=0x000001c9618ee370 method=java.io.BufferedInputStream.implRead([BII)I @ 55 c2
Event: 3.893 Thread 0x000001c9745cb400 DEOPT PACKING pc=0x000001c9618ee370 sp=0x0000006dd90fb080
Event: 3.893 Thread 0x000001c9745cb400 DEOPT UNPACKING pc=0x000001c9611446a2 sp=0x0000006dd90fafe8 mode 2

Classes loaded (20 events):
Event: 3.821 Loading class javax/net/ssl/SSLPeerUnverifiedException
Event: 3.821 Loading class javax/net/ssl/SSLPeerUnverifiedException done
Event: 3.821 Loading class java/security/cert/CertificateParsingException
Event: 3.821 Loading class java/security/cert/CertificateException
Event: 3.821 Loading class java/security/cert/CertificateException done
Event: 3.821 Loading class java/security/cert/CertificateParsingException done
Event: 3.869 Loading class java/util/function/IntBinaryOperator
Event: 3.869 Loading class java/util/function/IntBinaryOperator done
Event: 3.890 Loading class java/nio/channels/Channels
Event: 3.890 Loading class java/nio/channels/Channels done
Event: 3.890 Loading class sun/nio/ch/Streams
Event: 3.890 Loading class sun/nio/ch/Streams done
Event: 3.890 Loading class sun/nio/ch/ChannelInputStream
Event: 3.890 Loading class sun/nio/ch/ChannelInputStream done
Event: 3.891 Loading class java/nio/channels/Channels$ReadableByteChannelImpl
Event: 3.891 Loading class java/nio/channels/Channels$ReadableByteChannelImpl done
Event: 3.896 Loading class java/util/EmptyStackException
Event: 3.896 Loading class java/util/EmptyStackException done
Event: 3.899 Loading class java/io/InvalidClassException
Event: 3.899 Loading class java/io/InvalidClassException done

Classes unloaded (0 events):
No events

Classes redefined (0 events):
No events

Internal exceptions (20 events):
Event: 3.282 Thread 0x000001c9745cb400 Exception <a 'java/lang/NoSuchMethodError'{0x0000000085c62100}: 'int java.lang.invoke.DirectMethodHandle$Holder.invokeInterface(java.lang.Object, java.lang.Object, java.lang.Object, java.lang.Object)'> (0x0000000085c62100) 
thrown [s\src\hotspot\share\interpreter\linkResolver.cpp, line 784]
Event: 3.303 Thread 0x000001c9745cb400 Exception <a 'java/lang/NoSuchMethodError'{0x0000000085abd638}: 'java.lang.Object java.lang.invoke.DirectMethodHandle$Holder.invokeStatic(java.lang.Object, long, java.lang.Object)'> (0x0000000085abd638) 
thrown [s\src\hotspot\share\interpreter\linkResolver.cpp, line 784]
Event: 3.304 Thread 0x000001c9745cb400 Exception <a 'java/lang/NoSuchMethodError'{0x0000000085ac48e0}: 'java.lang.Object java.lang.invoke.DirectMethodHandle$Holder.newInvokeSpecial(java.lang.Object, long)'> (0x0000000085ac48e0) 
thrown [s\src\hotspot\share\interpreter\linkResolver.cpp, line 784]
Event: 3.308 Thread 0x000001c9745cb400 Exception <a 'java/lang/NoSuchMethodError'{0x000000008592e6b8}: 'java.lang.Object java.lang.invoke.Invokers$Holder.linkToTargetMethod(java.lang.Object, java.lang.Object, java.lang.Object, java.lang.Object, long, java.lang.Object, java.lang.Object)'> (0x000000008592e6b8) 
thrown [s\src\hotspot\share\interpreter\linkResolver.cpp, line 784]
Event: 3.310 Thread 0x000001c9745cb400 Exception <a 'java/lang/NoSuchMethodError'{0x0000000085977bc0}: 'java.lang.Object java.lang.invoke.DirectMethodHandle$Holder.invokeSpecial(java.lang.Object, java.lang.Object, java.lang.Object, java.lang.Object, long, java.lang.Object)'> (0x0000000085977bc0) 
thrown [s\src\hotspot\share\interpreter\linkResolver.cpp, line 784]
Event: 3.310 Thread 0x000001c9745cb400 Exception <a 'java/lang/NoSuchMethodError'{0x000000008597be90}: 'java.lang.Object java.lang.invoke.Invokers$Holder.linkToTargetMethod(java.lang.Object, java.lang.Object, long, java.lang.Object, java.lang.Object)'> (0x000000008597be90) 
thrown [s\src\hotspot\share\interpreter\linkResolver.cpp, line 784]
Event: 3.331 Thread 0x000001c9745cb400 Exception <a 'java/lang/NoSuchMethodError'{0x00000000857e99a8}: 'java.lang.Object java.lang.invoke.DirectMethodHandle$Holder.newInvokeSpecial(java.lang.Object, java.lang.Object, java.lang.Object, java.lang.Object, java.lang.Object, java.lang.Object, java.lang.Object, java.lang.Object, java.lang.Object, java.lang.Object, java.lang.Object, java.lang.Object, java.lang.Object, java.lang.Object, java.lang.Object, java.lang.Object, java.lang.Object, java.lang.Object, java.lang.Object, java.lang.Object, java.lang
Event: 3.354 Thread 0x000001c9745cb400 Implicit null exception at 0x000001c961783d00 to 0x000001c961783db4
Event: 3.423 Thread 0x000001c9745cb400 Exception <a 'java/lang/IncompatibleClassChangeError'{0x0000000084cac798}: Found class java.lang.Object, but interface was expected> (0x0000000084cac798) 
thrown [s\src\hotspot\share\interpreter\linkResolver.cpp, line 851]
Event: 3.451 Thread 0x000001c9745cb400 Exception <a 'java/lang/NoSuchMethodError'{0x0000000084800ac0}: 'java.lang.Object java.lang.invoke.DirectMethodHandle$Holder.newInvokeSpecial(java.lang.Object, int, java.lang.Object)'> (0x0000000084800ac0) 
thrown [s\src\hotspot\share\interpreter\linkResolver.cpp, line 784]
Event: 3.478 Thread 0x000001c9745cb400 Exception <a 'java/lang/NoSuchMethodError'{0x000000008463cde0}: 'java.lang.Object java.lang.invoke.DirectMethodHandle$Holder.invokeSpecial(java.lang.Object, java.lang.Object, long, java.lang.Object, java.lang.Object)'> (0x000000008463cde0) 
thrown [s\src\hotspot\share\interpreter\linkResolver.cpp, line 784]
Event: 3.488 Thread 0x000001c9745cb400 Exception <a 'java/lang/NoSuchMethodError'{0x000000008450e2c8}: 'java.lang.Object java.lang.invoke.DirectMethodHandle$Holder.newInvokeSpecial(java.lang.Object, java.lang.Object, int, java.lang.Object)'> (0x000000008450e2c8) 
thrown [s\src\hotspot\share\interpreter\linkResolver.cpp, line 784]
Event: 3.488 Thread 0x000001c9745cb400 Exception <a 'java/lang/NoSuchMethodError'{0x0000000084512b08}: 'java.lang.Object java.lang.invoke.DirectMethodHandle$Holder.invokeSpecial(java.lang.Object, java.lang.Object, java.lang.Object, int, java.lang.Object)'> (0x0000000084512b08) 
thrown [s\src\hotspot\share\interpreter\linkResolver.cpp, line 784]
Event: 3.845 Thread 0x000001c9745cb400 Exception <a 'sun/nio/fs/WindowsException'{0x00000000857638d8}> (0x00000000857638d8) 
thrown [s\src\hotspot\share\prims\jni.cpp, line 535]
Event: 3.845 Thread 0x000001c9745cb400 Exception <a 'sun/nio/fs/WindowsException'{0x0000000085764fc0}> (0x0000000085764fc0) 
thrown [s\src\hotspot\share\prims\jni.cpp, line 535]
Event: 3.859 Thread 0x000001c9745cb400 Exception <a 'java/lang/NoSuchMethodError'{0x0000000085513190}: 'java.lang.Object java.lang.invoke.DirectMethodHandle$Holder.newInvokeSpecial(java.lang.Object, java.lang.Object, java.lang.Object, int)'> (0x0000000085513190) 
thrown [s\src\hotspot\share\interpreter\linkResolver.cpp, line 784]
Event: 3.859 Thread 0x000001c9745cb400 Exception <a 'java/lang/NoSuchMethodError'{0x0000000085517980}: 'java.lang.Object java.lang.invoke.DirectMethodHandle$Holder.invokeSpecial(java.lang.Object, java.lang.Object, java.lang.Object, java.lang.Object, int)'> (0x0000000085517980) 
thrown [s\src\hotspot\share\interpreter\linkResolver.cpp, line 784]
Event: 3.859 Thread 0x000001c9745cb400 Exception <a 'java/lang/NoSuchMethodError'{0x000000008551bab8}: 'java.lang.Object java.lang.invoke.Invokers$Holder.linkToTargetMethod(java.lang.Object, java.lang.Object, int, java.lang.Object)'> (0x000000008551bab8) 
thrown [s\src\hotspot\share\interpreter\linkResolver.cpp, line 784]
Event: 3.865 Thread 0x000001c9745cb400 Exception <a 'sun/nio/fs/WindowsException'{0x00000000855d1538}> (0x00000000855d1538) 
thrown [s\src\hotspot\share\prims\jni.cpp, line 535]
Event: 3.887 Thread 0x000001c9745cb400 Exception <a 'java/lang/NoSuchMethodError'{0x000000008522ac18}: 'int java.lang.invoke.DirectMethodHandle$Holder.invokeInterface(java.lang.Object, java.lang.Object, java.lang.Object, java.lang.Object, java.lang.Object)'> (0x000000008522ac18) 
thrown [s\src\hotspot\share\interpreter\linkResolver.cpp, line 784]

ZGC Phase Switch (0 events):
No events

VM Operations (20 events):
Event: 3.112 Executing VM operation: G1CollectForAllocation (G1 Evacuation Pause)
Event: 3.118 Executing VM operation: G1CollectForAllocation (G1 Evacuation Pause) done
Event: 3.132 Executing VM operation: HandshakeAllThreads (Deoptimize)
Event: 3.132 Executing VM operation: HandshakeAllThreads (Deoptimize) done
Event: 3.146 Executing VM operation: HandshakeAllThreads (Deoptimize)
Event: 3.146 Executing VM operation: HandshakeAllThreads (Deoptimize) done
Event: 3.256 Executing VM operation: HandshakeAllThreads (Deoptimize)
Event: 3.256 Executing VM operation: HandshakeAllThreads (Deoptimize) done
Event: 3.282 Executing VM operation: HandshakeAllThreads (Deoptimize)
Event: 3.282 Executing VM operation: HandshakeAllThreads (Deoptimize) done
Event: 3.366 Executing VM operation: ICBufferFull
Event: 3.366 Executing VM operation: ICBufferFull done
Event: 3.500 Executing VM operation: HandshakeAllThreads (Deoptimize)
Event: 3.500 Executing VM operation: HandshakeAllThreads (Deoptimize) done
Event: 3.662 Executing VM operation: G1CollectForAllocation (G1 Evacuation Pause)
Event: 3.667 Executing VM operation: G1CollectForAllocation (G1 Evacuation Pause) done
Event: 3.911 Executing VM operation: CollectForMetadataAllocation (Metadata GC Threshold)
Event: 3.915 Executing VM operation: CollectForMetadataAllocation (Metadata GC Threshold) done
Event: 3.928 Executing VM operation: CollectForMetadataAllocation (Metadata GC Threshold)
Event: 3.928 Executing VM operation: CollectForMetadataAllocation (Metadata GC Threshold) done

Memory protections (0 events):
No events

Nmethod flushes (20 events):
Event: 2.398 Thread 0x000001c96e14b840 flushing  nmethod 0x000001c959c4b610
Event: 2.398 Thread 0x000001c96e14b840 flushing  nmethod 0x000001c959c7f590
Event: 2.398 Thread 0x000001c96e14b840 flushing  nmethod 0x000001c959c80610
Event: 2.398 Thread 0x000001c96e14b840 flushing  nmethod 0x000001c959c80f10
Event: 2.398 Thread 0x000001c96e14b840 flushing  nmethod 0x000001c959c82c90
Event: 2.398 Thread 0x000001c96e14b840 flushing  nmethod 0x000001c959c83b90
Event: 2.398 Thread 0x000001c96e14b840 flushing  nmethod 0x000001c959c84b90
Event: 2.398 Thread 0x000001c96e14b840 flushing  nmethod 0x000001c959c85990
Event: 2.398 Thread 0x000001c96e14b840 flushing  nmethod 0x000001c959c87010
Event: 2.398 Thread 0x000001c96e14b840 flushing  nmethod 0x000001c959d00790
Event: 2.398 Thread 0x000001c96e14b840 flushing  nmethod 0x000001c959d02810
Event: 2.398 Thread 0x000001c96e14b840 flushing  nmethod 0x000001c959d55f10
Event: 2.398 Thread 0x000001c96e14b840 flushing  nmethod 0x000001c959d58d90
Event: 2.398 Thread 0x000001c96e14b840 flushing  nmethod 0x000001c959d5a610
Event: 2.398 Thread 0x000001c96e14b840 flushing  nmethod 0x000001c959d5b790
Event: 2.398 Thread 0x000001c96e14b840 flushing  nmethod 0x000001c959daa090
Event: 2.398 Thread 0x000001c96e14b840 flushing  nmethod 0x000001c959dab190
Event: 2.398 Thread 0x000001c96e14b840 flushing  nmethod 0x000001c959e52790
Event: 2.398 Thread 0x000001c96e14b840 flushing  nmethod 0x000001c959f73790
Event: 2.398 Thread 0x000001c96e14b840 flushing  nmethod 0x000001c959f73c10

Events (20 events):
Event: 1.243 Thread 0x000001c9546fd050 Thread added: 0x000001c97446fe70
Event: 1.288 Thread 0x000001c9546fd050 Thread added: 0x000001c9740ef000
Event: 1.316 Thread 0x000001c97446fe70 Thread added: 0x000001c9748b0760
Event: 1.317 Thread 0x000001c9748b0760 Thread added: 0x000001c9743f0050
Event: 1.336 Thread 0x000001c9748b0760 Thread added: 0x000001c9745ca180
Event: 1.340 Thread 0x000001c9748b0760 Thread added: 0x000001c9745cb400
Event: 1.346 Thread 0x000001c9745cb400 Thread added: 0x000001c9744c9ba0
Event: 1.349 Thread 0x000001c9745cb400 Thread added: 0x000001c974572510
Event: 1.350 Thread 0x000001c9745cb400 Thread added: 0x000001c97472c040
Event: 1.591 Thread 0x000001c9745cb400 Thread added: 0x000001c97472c6d0
Event: 1.596 Thread 0x000001c9745cb400 Thread added: 0x000001c97472ac90
Event: 1.614 Thread 0x000001c9745cb400 Thread added: 0x000001c97472a600
Event: 1.992 Thread 0x000001c9745cb400 Thread added: 0x000001c974729250
Event: 2.152 Thread 0x000001c9745cb400 Thread added: 0x000001c9747298e0
Event: 2.161 Thread 0x000001c9745cb400 Thread added: 0x000001c97472b320
Event: 2.282 Thread 0x000001c9745cb400 Thread added: 0x000001c974729f70
Event: 2.286 Thread 0x000001c9745cb400 Thread added: 0x000001c97472b9b0
Event: 2.455 Thread 0x000001c9745cb400 Thread added: 0x000001c977f039e0
Event: 2.550 Thread 0x000001c9745cb400 Thread added: 0x000001c977efd770
Event: 2.610 Thread 0x000001c9745cb400 Thread added: 0x000001c977efe490


Dynamic libraries:
0x00007ff7634b0000 - 0x00007ff7634ba000 	C:\Program Files\Android\Android Studio\jbr\bin\java.exe
0x00007ffb40550000 - 0x00007ffb40767000 	C:\Windows\SYSTEM32\ntdll.dll
0x00007ffb3e500000 - 0x00007ffb3e5c4000 	C:\Windows\System32\KERNEL32.DLL
0x00007ffb3d980000 - 0x00007ffb3dd37000 	C:\Windows\System32\KERNELBASE.dll
0x00007ffb37420000 - 0x00007ffb374b7000 	C:\Windows\SYSTEM32\apphelp.dll
0x00007ffb3e160000 - 0x00007ffb3e271000 	C:\Windows\System32\ucrtbase.dll
0x00007ffb38460000 - 0x00007ffb38478000 	C:\Program Files\Android\Android Studio\jbr\bin\jli.dll
0x00007ffb31170000 - 0x00007ffb3118b000 	C:\Program Files\Android\Android Studio\jbr\bin\VCRUNTIME140.dll
0x00007ffb3e5d0000 - 0x00007ffb3e77f000 	C:\Windows\System32\USER32.dll
0x00007ffb312d0000 - 0x00007ffb31563000 	C:\Windows\WinSxS\amd64_microsoft.windows.common-controls_6595b64144ccf1df_6.0.22621.3672_none_2713b9d173822955\COMCTL32.dll
0x00007ffb3de60000 - 0x00007ffb3de86000 	C:\Windows\System32\win32u.dll
0x00007ffb3eac0000 - 0x00007ffb3eb67000 	C:\Windows\System32\msvcrt.dll
0x00007ffb3fe20000 - 0x00007ffb3fe49000 	C:\Windows\System32\GDI32.dll
0x00007ffb3d860000 - 0x00007ffb3d978000 	C:\Windows\System32\gdi32full.dll
0x00007ffb3dd40000 - 0x00007ffb3ddda000 	C:\Windows\System32\msvcp_win.dll
0x00007ffb3fde0000 - 0x00007ffb3fe11000 	C:\Windows\System32\IMM32.DLL
0x00007ffb33210000 - 0x00007ffb3321c000 	C:\Program Files\Android\Android Studio\jbr\bin\vcruntime140_1.dll
0x00007ffb21c00000 - 0x00007ffb21c8d000 	C:\Program Files\Android\Android Studio\jbr\bin\msvcp140.dll
0x00007ffaa69b0000 - 0x00007ffaa763b000 	C:\Program Files\Android\Android Studio\jbr\bin\server\jvm.dll
0x00007ffb3fb60000 - 0x00007ffb3fc12000 	C:\Windows\System32\ADVAPI32.dll
0x00007ffb3fc80000 - 0x00007ffb3fd28000 	C:\Windows\System32\sechost.dll
0x00007ffb3df50000 - 0x00007ffb3df78000 	C:\Windows\System32\bcrypt.dll
0x00007ffb3e800000 - 0x00007ffb3e914000 	C:\Windows\System32\RPCRT4.dll
0x00007ffb402e0000 - 0x00007ffb40351000 	C:\Windows\System32\WS2_32.dll
0x00007ffb3d2f0000 - 0x00007ffb3d33d000 	C:\Windows\SYSTEM32\POWRPROF.dll
0x00007ffb37b00000 - 0x00007ffb37b34000 	C:\Windows\SYSTEM32\WINMM.dll
0x00007ffb37a10000 - 0x00007ffb37a1a000 	C:\Windows\SYSTEM32\VERSION.dll
0x00007ffb3d1b0000 - 0x00007ffb3d1c3000 	C:\Windows\SYSTEM32\UMPDC.dll
0x00007ffb3c8b0000 - 0x00007ffb3c8c8000 	C:\Windows\SYSTEM32\kernel.appcore.dll
0x00007ffb32150000 - 0x00007ffb3215a000 	C:\Program Files\Android\Android Studio\jbr\bin\jimage.dll
0x00007ffb3b110000 - 0x00007ffb3b342000 	C:\Windows\SYSTEM32\DBGHELP.DLL
0x00007ffb3ff50000 - 0x00007ffb402de000 	C:\Windows\System32\combase.dll
0x00007ffb3e280000 - 0x00007ffb3e357000 	C:\Windows\System32\OLEAUT32.dll
0x00007ffb0f5a0000 - 0x00007ffb0f5d2000 	C:\Windows\SYSTEM32\dbgcore.DLL
0x00007ffb3dde0000 - 0x00007ffb3de5b000 	C:\Windows\System32\bcryptPrimitives.dll
0x00007ffb35830000 - 0x00007ffb3583e000 	C:\Program Files\Android\Android Studio\jbr\bin\instrument.dll
0x00007ffb31000000 - 0x00007ffb31020000 	C:\Program Files\Android\Android Studio\jbr\bin\java.dll
0x00007ffb30920000 - 0x00007ffb30938000 	C:\Program Files\Android\Android Studio\jbr\bin\zip.dll
0x00007ffb3ebe0000 - 0x00007ffb3f449000 	C:\Windows\System32\SHELL32.dll
0x00007ffb3b7d0000 - 0x00007ffb3c0cf000 	C:\Windows\SYSTEM32\windows.storage.dll
0x00007ffb3b690000 - 0x00007ffb3b7cf000 	C:\Windows\SYSTEM32\wintypes.dll
0x00007ffb3e360000 - 0x00007ffb3e459000 	C:\Windows\System32\SHCORE.dll
0x00007ffb3eb70000 - 0x00007ffb3ebce000 	C:\Windows\System32\shlwapi.dll
0x00007ffb3d790000 - 0x00007ffb3d7b7000 	C:\Windows\SYSTEM32\profapi.dll
0x00007ffb320f0000 - 0x00007ffb32100000 	C:\Program Files\Android\Android Studio\jbr\bin\net.dll
0x00007ffb394c0000 - 0x00007ffb395f6000 	C:\Windows\SYSTEM32\WINHTTP.dll
0x00007ffb3cd20000 - 0x00007ffb3cd89000 	C:\Windows\system32\mswsock.dll
0x00007ffb29e70000 - 0x00007ffb29e86000 	C:\Program Files\Android\Android Studio\jbr\bin\nio.dll
0x00007ffb29e10000 - 0x00007ffb29e20000 	C:\Program Files\Android\Android Studio\jbr\bin\verify.dll
0x00007ffb34cb0000 - 0x00007ffb34cd7000 	C:\Users\ITZMS\.gradle\native\c067742578af261105cb4f569cf0c3c89f3d7b1fecec35dd04571415982c5e48\windows-amd64\native-platform.dll
0x00007ffac9100000 - 0x00007ffac9244000 	C:\Users\ITZMS\.gradle\native\100fb08df4bc3b14c8652ba06237920a3bd2aa13389f12d3474272988ae205f9\windows-amd64\native-platform-file-events.dll
0x00007ffb2a200000 - 0x00007ffb2a209000 	C:\Program Files\Android\Android Studio\jbr\bin\management.dll
0x00007ffb29e60000 - 0x00007ffb29e6b000 	C:\Program Files\Android\Android Studio\jbr\bin\management_ext.dll
0x00007ffb3f8e0000 - 0x00007ffb3f8e8000 	C:\Windows\System32\PSAPI.DLL
0x00007ffb3cfe0000 - 0x00007ffb3cffb000 	C:\Windows\SYSTEM32\CRYPTSP.dll
0x00007ffb3c810000 - 0x00007ffb3c845000 	C:\Windows\system32\rsaenh.dll
0x00007ffb3ce80000 - 0x00007ffb3cea8000 	C:\Windows\SYSTEM32\USERENV.dll
0x00007ffb3d000000 - 0x00007ffb3d00c000 	C:\Windows\SYSTEM32\CRYPTBASE.dll
0x00007ffb3c330000 - 0x00007ffb3c35d000 	C:\Windows\SYSTEM32\IPHLPAPI.DLL
0x00007ffb3ebd0000 - 0x00007ffb3ebd9000 	C:\Windows\System32\NSI.dll
0x00007ffb2aea0000 - 0x00007ffb2aea9000 	C:\Program Files\Android\Android Studio\jbr\bin\extnet.dll
0x00007ffb291b0000 - 0x00007ffb291b8000 	C:\Windows\system32\wshunix.dll

dbghelp: loaded successfully - version: 4.0.5 - missing functions: none
symbol engine: initialized successfully - sym options: 0x614 - pdb path: .;C:\Program Files\Android\Android Studio\jbr\bin;C:\Windows\SYSTEM32;C:\Windows\WinSxS\amd64_microsoft.windows.common-controls_6595b64144ccf1df_6.0.22621.3672_none_2713b9d173822955;C:\Program Files\Android\Android Studio\jbr\bin\server;C:\Users\ITZMS\.gradle\native\c067742578af261105cb4f569cf0c3c89f3d7b1fecec35dd04571415982c5e48\windows-amd64;C:\Users\ITZMS\.gradle\native\100fb08df4bc3b14c8652ba06237920a3bd2aa13389f12d3474272988ae205f9\windows-amd64

VM Arguments:
jvm_args: --add-opens=java.base/java.lang=ALL-UNNAMED --add-opens=java.base/java.lang.invoke=ALL-UNNAMED --add-opens=java.base/java.util=ALL-UNNAMED --add-opens=java.prefs/java.util.prefs=ALL-UNNAMED --add-exports=jdk.compiler/com.sun.tools.javac.api=ALL-UNNAMED --add-exports=jdk.compiler/com.sun.tools.javac.util=ALL-UNNAMED --add-opens=java.base/java.util=ALL-UNNAMED --add-opens=java.prefs/java.util.prefs=ALL-UNNAMED --add-opens=java.base/java.nio.charset=ALL-UNNAMED --add-opens=java.base/java.net=ALL-UNNAMED --add-opens=java.base/java.util.concurrent.atomic=ALL-UNNAMED --add-opens=java.xml/javax.xml.namespace=ALL-UNNAMED -Xmx2048m -Dfile.encoding=UTF-8 -Duser.country=IN -Duser.language=en -Duser.variant -javaagent:C:\Users\ITZMS\.gradle\wrapper\dists\gradle-8.11.1-bin\bpt9gzteqjrbo1mjrsomdt32c\gradle-8.11.1\lib\agents\gradle-instrumentation-agent-8.11.1.jar 
java_command: org.gradle.launcher.daemon.bootstrap.GradleDaemon 8.11.1
java_class_path (initial): C:\Users\ITZMS\.gradle\wrapper\dists\gradle-8.11.1-bin\bpt9gzteqjrbo1mjrsomdt32c\gradle-8.11.1\lib\gradle-daemon-main-8.11.1.jar
Launcher Type: SUN_STANDARD

[Global flags]
     intx CICompilerCount                          = 4                                         {product} {ergonomic}
     uint ConcGCThreads                            = 2                                         {product} {ergonomic}
     uint G1ConcRefinementThreads                  = 8                                         {product} {ergonomic}
   size_t G1HeapRegionSize                         = 1048576                                   {product} {ergonomic}
    uintx GCDrainStackTargetSize                   = 64                                        {product} {ergonomic}
   size_t InitialHeapSize                          = 264241152                                 {product} {ergonomic}
   size_t MarkStackSize                            = 4194304                                   {product} {ergonomic}
   size_t MaxHeapSize                              = 2147483648                                {product} {command line}
   size_t MaxNewSize                               = 1287651328                                {product} {ergonomic}
   size_t MinHeapDeltaBytes                        = 1048576                                   {product} {ergonomic}
   size_t MinHeapSize                              = 8388608                                   {product} {ergonomic}
    uintx NonNMethodCodeHeapSize                   = 5839372                                {pd product} {ergonomic}
    uintx NonProfiledCodeHeapSize                  = 122909434                              {pd product} {ergonomic}
    uintx ProfiledCodeHeapSize                     = 122909434                              {pd product} {ergonomic}
    uintx ReservedCodeCacheSize                    = 251658240                              {pd product} {ergonomic}
     bool SegmentedCodeCache                       = true                                      {product} {ergonomic}
   size_t SoftMaxHeapSize                          = 2147483648                             {manageable} {ergonomic}
     bool UseCompressedOops                        = true                           {product lp64_product} {ergonomic}
     bool UseG1GC                                  = true                                      {product} {ergonomic}
     bool UseLargePagesIndividualAllocation        = false                                  {pd product} {ergonomic}

Logging:
Log output configuration:
 #0: stdout all=warning uptime,level,tags foldmultilines=false
 #1: stderr all=off uptime,level,tags foldmultilines=false

Environment Variables:
JAVA_HOME=C:\Program Files\Java\jdk-23
PATH=C:\Program Files\Java\jdk-23\bin;C:\Windows\system32;C:\Windows;C:\Windows\System32\Wbem;C:\Windows\System32\WindowsPowerShell\v1.0\;C:\Windows\System32\OpenSSH\;C:\Program Files\dotnet\;C:\Program Files\Git\cmd;C:\Users\ITZMS\AppData\Local\Microsoft\WindowsApps;;C:\Program Files\JetBrains\IntelliJ IDEA Community Edition 2024.3.1\bin;
USERNAME=ITZMS
OS=Windows_NT
PROCESSOR_IDENTIFIER=Intel64 Family 6 Model 142 Stepping 12, GenuineIntel
TMP=C:\Users\ITZMS\AppData\Local\Temp
TEMP=C:\Users\ITZMS\AppData\Local\Temp




Periodic native trim disabled

JNI global refs:
JNI global refs: 26, weak refs: 11

JNI global refs memory usage: 835, weak refs: 833

Process memory usage:
Resident Set Size: 316076K (1% of 16436212K total physical memory with 3922444K free physical memory)

OOME stack traces (most recent first):
Classloader memory used:
Loader org.gradle.internal.classloader.VisitableURLClassLoader                         : 30308K
Loader bootstrap                                                                       : 21750K
Loader org.gradle.initialization.MixInLegacyTypesClassLoader                           : 6747K
Loader jdk.internal.loader.ClassLoaders$PlatformClassLoader                            : 517K
Loader jdk.internal.loader.ClassLoaders$AppClassLoader                                 : 232K
Loader org.gradle.internal.classloader.VisitableURLClassLoader                         : 29872B

Classes loaded by more than one classloader:
Class org.gradle.internal.classloader.FilteringClassLoader                            : loaded 2 times (x 101B)
Class org.gradle.internal.classloader.ClassLoaderHierarchy                            : loaded 2 times (x 66B)
Class org.gradle.api.internal.classpath.ManifestUtil                                  : loaded 2 times (x 67B)
Class org.gradle.internal.classloader.DefaultClassLoaderFactory                       : loaded 2 times (x 78B)
Class org.gradle.internal.classloader.ClassLoaderVisitor                              : loaded 2 times (x 72B)
Class org.gradle.api.internal.classpath.EffectiveClassPath                            : loaded 2 times (x 86B)
Class org.gradle.api.internal.DefaultClassPathProvider                                : loaded 2 times (x 72B)
Class [Lorg.gradle.api.internal.ClassPathProvider;                                    : loaded 2 times (x 65B)
Class org.gradle.api.internal.ClassPathProvider                                       : loaded 2 times (x 66B)
Class org.gradle.internal.service.UnknownServiceException                             : loaded 2 times (x 79B)
Class org.gradle.internal.classpath.TransformedClassPath                              : loaded 2 times (x 92B)
Class org.gradle.internal.classloader.InstrumentingClassLoader                        : loaded 2 times (x 66B)
Class org.gradle.internal.service.ServiceLocator                                      : loaded 2 times (x 66B)
Class org.gradle.internal.InternalTransformer                                         : loaded 2 times (x 66B)
Class org.gradle.internal.classloader.ClasspathUtil$1                                 : loaded 2 times (x 72B)
Class org.gradle.api.internal.classpath.DefaultModuleRegistry$DefaultModule           : loaded 2 times (x 82B)
Class org.gradle.api.internal.classpath.Module                                        : loaded 2 times (x 66B)
Class org.gradle.api.internal.classpath.UnknownModuleException                        : loaded 2 times (x 78B)
Class org.gradle.api.internal.DefaultClassPathRegistry                                : loaded 2 times (x 72B)
Class org.gradle.api.internal.ClassPathRegistry                                       : loaded 2 times (x 66B)
Class org.gradle.internal.classpath.DefaultClassPath$ImmutableUniqueList              : loaded 2 times (x 195B)
Class Settings_gradle$1                                                               : loaded 2 times (x 70B)
Class Program                                                                         : loaded 2 times (x 68B)
Class org.gradle.internal.classpath.ClassPath                                         : loaded 2 times (x 66B)
Class org.gradle.api.UncheckedIOException                                             : loaded 2 times (x 78B)
Class org.gradle.internal.installation.GradleInstallation$1                           : loaded 2 times (x 71B)
Class org.gradle.api.internal.classpath.ModuleRegistry                                : loaded 2 times (x 66B)
Class org.gradle.api.internal.classpath.DefaultModuleRegistry                         : loaded 2 times (x 82B)
Class org.gradle.internal.service.ServiceLookupException                              : loaded 2 times (x 78B)
Class org.gradle.internal.classloader.ClassLoaderFactory                              : loaded 2 times (x 66B)
Class org.gradle.internal.service.CachingServiceLocator                               : loaded 2 times (x 78B)
Class org.gradle.internal.classloader.ClasspathUtil                                   : loaded 2 times (x 67B)
Class org.gradle.api.specs.Spec                                                       : loaded 2 times (x 66B)
Class org.gradle.internal.classloader.VisitableURLClassLoader$InstrumentingVisitableURLClassLoader: loaded 2 times (x 119B)
Class org.gradle.internal.classloader.VisitableURLClassLoader$Spec                    : loaded 2 times (x 70B)
Class org.gradle.internal.classpath.DefaultClassPath                                  : loaded 2 times (x 86B)
Class org.gradle.internal.classloader.ClassLoaderSpec                                 : loaded 2 times (x 67B)
Class Settings_gradle$1$1                                                             : loaded 2 times (x 70B)
Class org.gradle.internal.classloader.VisitableURLClassLoader                         : loaded 2 times (x 113B)
Class Settings_gradle                                                                 : loaded 2 times (x 124B)
Class org.gradle.internal.Cast                                                        : loaded 2 times (x 67B)
Class org.gradle.api.Action                                                           : loaded 2 times (x 66B)
Class org.gradle.internal.classpath.DefaultClassPath$ImmutableUniqueList$Builder      : loaded 2 times (x 71B)
Class org.gradle.api.GradleException                                                  : loaded 2 times (x 78B)
Class org.gradle.internal.IoActions                                                   : loaded 2 times (x 67B)
Class org.gradle.internal.classloader.SystemClassLoaderSpec                           : loaded 2 times (x 67B)
Class org.gradle.api.internal.classpath.GlobalCacheRootsProvider                      : loaded 2 times (x 66B)
Class org.gradle.internal.installation.CurrentGradleInstallationLocator               : loaded 2 times (x 67B)
Class org.gradle.internal.service.DefaultServiceLocator                               : loaded 2 times (x 79B)
Class org.gradle.internal.installation.CurrentGradleInstallation                      : loaded 2 times (x 69B)
Class org.gradle.util.internal.GUtil                                                  : loaded 2 times (x 67B)
Class org.gradle.internal.installation.GradleInstallation                             : loaded 2 times (x 71B)

---------------  S Y S T E M  ---------------

OS:
 Windows 11 , 64 bit Build 22621 (10.0.22621.3958)
OS uptime: 1 days 17:05 hours

CPU: total 8 (initial active 8) (4 cores per cpu, 2 threads per core) family 6 model 142 stepping 12 microcode 0xfe, cx8, cmov, fxsr, ht, mmx, 3dnowpref, sse, sse2, sse3, ssse3, sse4.1, sse4.2, popcnt, lzcnt, tsc, tscinvbit, avx, avx2, aes, erms, clmul, bmi1, bmi2, adx, fma, vzeroupper, clflush, clflushopt, rdtscp, f16c
Processor Information for the first 8 processors :
  Max Mhz: 2304, Current Mhz: 1803, Mhz Limit: 1797

Memory: 4k page, system-wide physical 16050M (3830M free)
TotalPageFile size 17586M (AvailPageFile size 3260M)
current process WorkingSet (physical memory assigned to process): 308M, peak: 317M
current process commit charge ("private bytes"): 344M, peak: 383M

vm_info: OpenJDK 64-Bit Server VM (21.0.6+-13368085-b895.109) for windows-amd64 JRE (21.0.6+-13368085-b895.109), built on 2025-04-16T17:01:31Z by "builder" with MS VC++ 16.10 / 16.11 (VS2019)

END.
